\BOOKMARK [0][-]{chapter*.1}{\376\377\000R\000e\000m\000e\000r\000c\000i\000e\000m\000e\000n\000t\000s}{}% 1
\BOOKMARK [0][-]{chapter*.2}{\376\377\000R\000\351\000s\000u\000m\000\351}{}% 2
\BOOKMARK [0][-]{chapter*.3}{\376\377\000T\000a\000b\000l\000e\000\040\000d\000e\000s\000\040\000m\000a\000t\000i\000\350\000r\000e\000s}{}% 3
\BOOKMARK [0][-]{chapter*.4}{\376\377\000L\000i\000s\000t\000e\000\040\000d\000e\000s\000\040\000t\000a\000b\000l\000e\000a\000u\000x}{}% 4
\BOOKMARK [0][-]{chapter*.4}{\376\377\000L\000i\000s\000t\000e\000\040\000d\000e\000s\000\040\000t\000a\000b\000l\000e\000a\000u\000x}{}% 5
\BOOKMARK [0][-]{chapter*.5}{\376\377\000T\000a\000b\000l\000e\000\040\000d\000e\000s\000\040\000f\000i\000g\000u\000r\000e\000s}{}% 6
\BOOKMARK [0][-]{chapter*.5}{\376\377\000L\000i\000s\000t\000e\000\040\000d\000e\000s\000\040\000f\000i\000g\000u\000r\000e\000s}{}% 7
\BOOKMARK [0][-]{chapter*.6}{\376\377\000I\000n\000t\000r\000o\000d\000u\000c\000t\000i\000o\000n}{}% 8
\BOOKMARK [0][-]{chapter.1}{\376\377\000\311\000t\000a\000t\000\040\000d\000e\000\040\000l\000'\000A\000r\000t}{}% 9
\BOOKMARK [1][-]{section.1.1}{\376\377\000C\000o\000n\000t\000e\000x\000t\000e\000\040\000e\000t\000\040\000E\000n\000j\000e\000u\000x\000\040\000d\000e\000\040\000l\000a\000\040\000S\000\351\000c\000u\000r\000i\000t\000\351\000\040\000d\000e\000s\000\040\000A\000p\000p\000l\000i\000c\000a\000t\000i\000o\000n\000s\000\040\000W\000e\000b}{chapter.1}% 10
\BOOKMARK [2][-]{subsection.1.1.1}{\376\377\000\311\000v\000o\000l\000u\000t\000i\000o\000n\000\040\000d\000e\000s\000\040\000C\000y\000b\000e\000r\000m\000e\000n\000a\000c\000e\000s}{section.1.1}% 11
\BOOKMARK [2][-]{subsection.1.1.2}{\376\377\000I\000m\000p\000a\000c\000t\000\040\000\311\000c\000o\000n\000o\000m\000i\000q\000u\000e\000\040\000e\000t\000\040\000R\000\351\000g\000l\000e\000m\000e\000n\000t\000a\000i\000r\000e}{section.1.1}% 12
\BOOKMARK [1][-]{section.1.2}{\376\377\000P\000a\000n\000o\000r\000a\000m\000a\000\040\000d\000e\000s\000\040\000C\000y\000b\000e\000r\000m\000e\000n\000a\000c\000e\000s\000\040\000W\000e\000b}{chapter.1}% 13
\BOOKMARK [2][-]{subsection.1.2.1}{\376\377\000A\000t\000t\000a\000q\000u\000e\000s\000\040\000M\000a\000n\000-\000i\000n\000-\000t\000h\000e\000-\000M\000i\000d\000d\000l\000e\000\040\000\050\000M\000I\000T\000M\000\051}{section.1.2}% 14
\BOOKMARK [2][-]{subsection.1.2.2}{\376\377\000A\000t\000t\000a\000q\000u\000e\000s\000\040\000p\000a\000r\000\040\000I\000n\000j\000e\000c\000t\000i\000o\000n}{section.1.2}% 15
\BOOKMARK [2][-]{subsection.1.2.3}{\376\377\000A\000t\000t\000a\000q\000u\000e\000s\000\040\000s\000u\000r\000\040\000l\000'\000A\000u\000t\000h\000e\000n\000t\000i\000f\000i\000c\000a\000t\000i\000o\000n}{section.1.2}% 16
\BOOKMARK [2][-]{subsection.1.2.4}{\376\377\000A\000t\000t\000a\000q\000u\000e\000s\000\040\000s\000u\000r\000\040\000l\000e\000\040\000C\000o\000n\000t\000r\000\364\000l\000e\000\040\000d\000'\000A\000c\000c\000\350\000s}{section.1.2}% 17
\BOOKMARK [1][-]{section.1.3}{\376\377\000L\000e\000\040\000R\000\351\000f\000\351\000r\000e\000n\000t\000i\000e\000l\000\040\000O\000W\000A\000S\000P\000\040\000T\000o\000p\000\040\0001\0000\000\040\000\050\0002\0000\0002\0001\000\051}{chapter.1}% 18
\BOOKMARK [1][-]{section.1.4}{\376\377\000V\000u\000l\000n\000\351\000r\000a\000b\000i\000l\000i\000t\000\351\000s\000\040\000C\000i\000b\000l\000\351\000e\000s\000\040\000:\000\040\000M\000\351\000c\000a\000n\000i\000s\000m\000e\000s\000\040\000e\000t\000\040\000I\000m\000p\000a\000c\000t\000s}{chapter.1}% 19
\BOOKMARK [2][-]{subsection.1.4.1}{\376\377\000S\000Q\000L\000\040\000I\000n\000j\000e\000c\000t\000i\000o\000n\000\040\000\050\000S\000Q\000L\000i\000\051\000\040\040\024\000\040\000O\000W\000A\000S\000P\000\040\000A\0000\0003}{section.1.4}% 20
\BOOKMARK [2][-]{subsection.1.4.2}{\376\377\000C\000r\000o\000s\000s\000-\000S\000i\000t\000e\000\040\000S\000c\000r\000i\000p\000t\000i\000n\000g\000\040\000\050\000X\000S\000S\000\051\000\040\040\024\000\040\000O\000W\000A\000S\000P\000\040\000A\0000\0003}{section.1.4}% 21
\BOOKMARK [2][-]{subsection.1.4.3}{\376\377\000I\000D\000O\000R\000\040\040\024\000\040\000B\000r\000o\000k\000e\000n\000\040\000A\000c\000c\000e\000s\000s\000\040\000C\000o\000n\000t\000r\000o\000l\000\040\000\050\000O\000W\000A\000S\000P\000\040\000A\0000\0001\000\051}{section.1.4}% 22
\BOOKMARK [2][-]{subsection.1.4.4}{\376\377\000S\000S\000R\000F\000\040\040\024\000\040\000S\000e\000r\000v\000e\000r\000-\000S\000i\000d\000e\000\040\000R\000e\000q\000u\000e\000s\000t\000\040\000F\000o\000r\000g\000e\000r\000y\000\040\000\050\000O\000W\000A\000S\000P\000\040\000A\0001\0000\000\051}{section.1.4}% 23
\BOOKMARK [2][-]{subsection.1.4.5}{\376\377\000P\000a\000t\000h\000\040\000T\000r\000a\000v\000e\000r\000s\000a\000l\000\040\000\050\000O\000W\000A\000S\000P\000\040\000A\0000\0001\000\051}{section.1.4}% 24
\BOOKMARK [2][-]{subsection.1.4.6}{\376\377\000X\000X\000E\000\040\040\024\000\040\000X\000M\000L\000\040\000E\000x\000t\000e\000r\000n\000a\000l\000\040\000E\000n\000t\000i\000t\000y\000\040\000\050\000O\000W\000A\000S\000P\000\040\000A\0000\0005\000\051}{section.1.4}% 25
\BOOKMARK [2][-]{subsection.1.4.7}{\376\377\000U\000p\000l\000o\000a\000d\000\040\000d\000e\000\040\000F\000i\000c\000h\000i\000e\000r\000\040\000N\000o\000n\000\040\000S\000\351\000c\000u\000r\000i\000s\000\351\000\040\000\050\000O\000W\000A\000S\000P\000\040\000A\0000\0004\000\051}{section.1.4}% 26
\BOOKMARK [2][-]{subsection.1.4.8}{\376\377\000F\000a\000i\000l\000u\000r\000e\000s\000\040\000d\000'\000A\000u\000t\000h\000e\000n\000t\000i\000f\000i\000c\000a\000t\000i\000o\000n\000\040\000\050\000O\000W\000A\000S\000P\000\040\000A\0000\0007\000\051}{section.1.4}% 27
\BOOKMARK [1][-]{section.1.5}{\376\377\000O\000u\000t\000i\000l\000s\000\040\000d\000e\000\040\000S\000c\000a\000n\000\040\000E\000x\000i\000s\000t\000a\000n\000t\000s\000\040\040\024\000\040\000A\000n\000a\000l\000y\000s\000e\000\040\000C\000o\000m\000p\000a\000r\000a\000t\000i\000v\000e}{chapter.1}% 28
\BOOKMARK [1][-]{section.1.6}{\376\377\000S\000t\000a\000n\000d\000a\000r\000d\000s\000\040\000d\000e\000\040\000S\000c\000o\000r\000i\000n\000g\000\040\000:\000\040\000C\000V\000S\000S\000\040\000v\0003\000.\0001}{chapter.1}% 29
\BOOKMARK [1][-]{section.1.7}{\376\377\000T\000e\000c\000h\000n\000i\000q\000u\000e\000s\000\040\000d\000e\000\040\000D\000\351\000t\000e\000c\000t\000i\000o\000n\000\040\000A\000u\000t\000o\000m\000a\000t\000i\000q\000u\000e}{chapter.1}% 30
\BOOKMARK [2][-]{subsection.1.7.1}{\376\377\000C\000r\000a\000w\000l\000i\000n\000g\000\040\000e\000t\000\040\000D\000\351\000c\000o\000u\000v\000e\000r\000t\000e\000\040\000d\000'\000E\000n\000d\000p\000o\000i\000n\000t\000s}{section.1.7}% 31
\BOOKMARK [2][-]{subsection.1.7.2}{\376\377\000S\000c\000a\000n\000\040\000A\000c\000t\000i\000f\000\040\000v\000s\000\040\000S\000c\000a\000n\000\040\000P\000a\000s\000s\000i\000f}{section.1.7}% 32
\BOOKMARK [2][-]{subsection.1.7.3}{\376\377\000D\000\351\000t\000e\000c\000t\000i\000o\000n\000\040\000p\000a\000r\000\040\000S\000i\000g\000n\000a\000t\000u\000r\000e\000s}{section.1.7}% 33
\BOOKMARK [1][-]{section.1.8}{\376\377\000S\000y\000n\000t\000h\000\350\000s\000e\000\040\000e\000t\000\040\000P\000o\000s\000i\000t\000i\000o\000n\000n\000e\000m\000e\000n\000t}{chapter.1}% 34
\BOOKMARK [1][-]{section.1.9}{\376\377\000C\000o\000n\000c\000l\000u\000s\000i\000o\000n}{chapter.1}% 35
\BOOKMARK [0][-]{chapter.2}{\376\377\000C\000o\000n\000c\000e\000p\000t\000i\000o\000n}{}% 36
\BOOKMARK [1][-]{section.2.1}{\376\377\000A\000r\000c\000h\000i\000t\000e\000c\000t\000u\000r\000e\000\040\000G\000\351\000n\000\351\000r\000a\000l\000e\000\040\000d\000u\000\040\000S\000y\000s\000t\000\350\000m\000e}{chapter.2}% 37
\BOOKMARK [2][-]{subsection.2.1.1}{\376\377\000P\000r\000i\000n\000c\000i\000p\000e\000s\000\040\000d\000e\000\040\000C\000o\000n\000c\000e\000p\000t\000i\000o\000n\000\040\000R\000e\000t\000e\000n\000u\000s}{section.2.1}% 38
\BOOKMARK [2][-]{subsection.2.1.2}{\376\377\000P\000a\000t\000t\000e\000r\000n\000s\000\040\000d\000e\000\040\000C\000o\000n\000c\000e\000p\000t\000i\000o\000n\000\040\000U\000t\000i\000l\000i\000s\000\351\000s}{section.2.1}% 39
\BOOKMARK [1][-]{section.2.2}{\376\377\000D\000i\000a\000g\000r\000a\000m\000m\000e\000\040\000d\000e\000\040\000C\000a\000s\000\040\000d\000'\000U\000t\000i\000l\000i\000s\000a\000t\000i\000o\000n}{chapter.2}% 40
\BOOKMARK [1][-]{section.2.3}{\376\377\000L\000e\000s\000\040\0001\0002\000\040\000D\000\351\000t\000e\000c\000t\000e\000u\000r\000s}{chapter.2}% 41
\BOOKMARK [1][-]{section.2.4}{\376\377\000D\000i\000a\000g\000r\000a\000m\000m\000e\000\040\000d\000e\000\040\000C\000l\000a\000s\000s\000e\000s}{chapter.2}% 42
\BOOKMARK [1][-]{section.2.5}{\376\377\000D\000i\000a\000g\000r\000a\000m\000m\000e\000\040\000d\000e\000\040\000S\000\351\000q\000u\000e\000n\000c\000e}{chapter.2}% 43
\BOOKMARK [1][-]{section.2.6}{\376\377\000D\000e\000s\000c\000r\000i\000p\000t\000i\000o\000n\000\040\000D\000\351\000t\000a\000i\000l\000l\000\351\000e\000\040\000d\000e\000s\000\040\000M\000o\000d\000u\000l\000e\000s}{chapter.2}% 44
\BOOKMARK [2][-]{subsection.2.6.1}{\376\377\000M\000o\000d\000u\000l\000e\000\040\000C\000r\000a\000w\000l\000e\000r}{section.2.6}% 45
\BOOKMARK [2][-]{subsection.2.6.2}{\376\377\000M\000o\000d\000u\000l\000e\000\040\000B\000a\000s\000e\000D\000e\000t\000e\000c\000t\000o\000r\000\040\000\050\000C\000l\000a\000s\000s\000e\000\040\000A\000b\000s\000t\000r\000a\000i\000t\000e\000\051}{section.2.6}% 46
\BOOKMARK [2][-]{subsection.2.6.3}{\376\377\000M\000o\000d\000u\000l\000e\000\040\000C\000V\000S\000S\000E\000v\000a\000l\000u\000a\000t\000o\000r}{section.2.6}% 47
\BOOKMARK [2][-]{subsection.2.6.4}{\376\377\000M\000o\000d\000u\000l\000e\000\040\000H\000T\000M\000L\000R\000e\000p\000o\000r\000t\000e\000r}{section.2.6}% 48
\BOOKMARK [1][-]{section.2.7}{\376\377\000S\000t\000r\000u\000c\000t\000u\000r\000e\000\040\000d\000u\000\040\000P\000r\000o\000j\000e\000t}{chapter.2}% 49
\BOOKMARK [1][-]{section.2.8}{\376\377\000T\000e\000c\000h\000n\000o\000l\000o\000g\000i\000e\000s\000\040\000e\000t\000\040\000S\000t\000a\000c\000k\000\040\000T\000e\000c\000h\000n\000i\000q\000u\000e}{chapter.2}% 50
\BOOKMARK [1][-]{section.2.9}{\376\377\000E\000n\000v\000i\000r\000o\000n\000n\000e\000m\000e\000n\000t\000\040\000d\000e\000\040\000D\000\351\000p\000l\000o\000i\000e\000m\000e\000n\000t\000\040\040\024\000\040\000T\000o\000p\000o\000l\000o\000g\000i\000e\000\040\000R\000\351\000s\000e\000a\000u}{chapter.2}% 51
\BOOKMARK [1][-]{section.2.10}{\376\377\000C\000o\000n\000c\000l\000u\000s\000i\000o\000n}{chapter.2}% 52
\BOOKMARK [0][-]{chapter.3}{\376\377\000R\000\351\000a\000l\000i\000s\000a\000t\000i\000o\000n\000\040\000e\000t\000\040\000I\000m\000p\000l\000\351\000m\000e\000n\000t\000a\000t\000i\000o\000n}{}% 53
\BOOKMARK [1][-]{section.3.1}{\376\377\000E\000n\000v\000i\000r\000o\000n\000n\000e\000m\000e\000n\000t\000\040\000d\000e\000\040\000T\000r\000a\000v\000a\000i\000l\000\040\000\050\000M\000a\000c\000h\000i\000n\000e\000s\000\040\000V\000i\000r\000t\000u\000e\000l\000l\000e\000s\000\051}{chapter.3}% 54
\BOOKMARK [2][-]{subsection.3.1.1}{\376\377\000C\000o\000n\000f\000i\000g\000u\000r\000a\000t\000i\000o\000n\000\040\000R\000\351\000s\000e\000a\000u}{section.3.1}% 55
\BOOKMARK [2][-]{subsection.3.1.2}{\376\377\000I\000n\000s\000t\000a\000l\000l\000a\000t\000i\000o\000n\000\040\000d\000e\000\040\000D\000V\000W\000A\000\040\000s\000u\000r\000\040\000V\000M\000\040\0002\000\040\000\050\000C\000i\000b\000l\000e\000\051}{section.3.1}% 56
\BOOKMARK [2][-]{subsection.3.1.3}{\376\377\000I\000n\000s\000t\000a\000l\000l\000a\000t\000i\000o\000n\000\040\000d\000u\000\040\000S\000c\000a\000n\000n\000e\000r\000\040\000s\000u\000r\000\040\000V\000M\000\040\0001}{section.3.1}% 57
\BOOKMARK [1][-]{section.3.2}{\376\377\000I\000m\000p\000l\000\351\000m\000e\000n\000t\000a\000t\000i\000o\000n\000\040\000D\000\351\000t\000a\000i\000l\000l\000\351\000e\000\040\000d\000e\000s\000\040\000M\000o\000d\000u\000l\000e\000s}{chapter.3}% 58
\BOOKMARK [2][-]{subsection.3.2.1}{\376\377\000O\000r\000c\000h\000e\000s\000t\000r\000a\000t\000e\000u\000r\000\040\000P\000r\000i\000n\000c\000i\000p\000a\000l\000\040\000\050\000s\000c\000a\000n\000n\000e\000r\000/\000c\000o\000r\000e\000.\000p\000y\000\051}{section.3.2}% 59
\BOOKMARK [2][-]{subsection.3.2.2}{\376\377\000D\000\351\000t\000e\000c\000t\000e\000u\000r\000\040\000S\000Q\000L\000i\000\040\000\050\000d\000e\000t\000e\000c\000t\000o\000r\000s\000/\000s\000q\000l\000i\000.\000p\000y\000\051}{section.3.2}% 60
\BOOKMARK [2][-]{subsection.3.2.3}{\376\377\000C\000V\000S\000S\000E\000v\000a\000l\000u\000a\000t\000o\000r\000\040\000\050\000e\000v\000a\000l\000u\000a\000t\000o\000r\000/\000c\000v\000s\000s\000.\000p\000y\000\051}{section.3.2}% 61
\BOOKMARK [2][-]{subsection.3.2.4}{\376\377\000C\000r\000a\000w\000l\000e\000r\000\040\000B\000F\000S\000\040\000\050\000c\000r\000a\000w\000l\000e\000r\000/\000c\000r\000a\000w\000l\000e\000r\000.\000p\000y\000\051}{section.3.2}% 62
\BOOKMARK [2][-]{subsection.3.2.5}{\376\377\000A\000u\000t\000h\000e\000n\000t\000i\000c\000a\000t\000o\000r\000\040\000\050\000s\000c\000a\000n\000n\000e\000r\000/\000a\000u\000t\000h\000e\000n\000t\000i\000c\000a\000t\000o\000r\000.\000p\000y\000\051}{section.3.2}% 63
\BOOKMARK [1][-]{section.3.3}{\376\377\000I\000n\000t\000e\000r\000f\000a\000c\000e\000\040\000e\000n\000\040\000L\000i\000g\000n\000e\000\040\000d\000e\000\040\000C\000o\000m\000m\000a\000n\000d\000e\000\040\000\050\000C\000L\000I\000\051}{chapter.3}% 64
\BOOKMARK [1][-]{section.3.4}{\376\377\000S\000u\000i\000t\000e\000\040\000d\000e\000\040\000T\000e\000s\000t\000s\000\040\000U\000n\000i\000t\000a\000i\000r\000e\000s}{chapter.3}% 65
\BOOKMARK [2][-]{subsection.3.4.1}{\376\377\000A\000p\000p\000l\000i\000c\000a\000t\000i\000o\000n\000\040\000F\000l\000a\000s\000k\000\040\000V\000u\000l\000n\000\351\000r\000a\000b\000l\000e\000\040\000\050\000c\000o\000n\000f\000t\000e\000s\000t\000.\000p\000y\000\051}{section.3.4}% 66
\BOOKMARK [1][-]{section.3.5}{\376\377\000S\000c\000\351\000n\000a\000r\000i\000o\000s\000\040\000d\000e\000\040\000T\000e\000s\000t\000\040\040\024\000\040\000\311\000t\000u\000d\000e\000s\000\040\000d\000e\000\040\000C\000a\000s}{chapter.3}% 67
\BOOKMARK [2][-]{subsection.3.5.1}{\376\377\000\311\000t\000u\000d\000e\000\040\000d\000e\000\040\000C\000a\000s\000\040\0001\000\040\000:\000\040\000S\000Q\000L\000\040\000I\000n\000j\000e\000c\000t\000i\000o\000n\000\040\040\024\000\040\000C\000V\000S\000S\000\040\0009\000.\0008\000\040\000C\000R\000I\000T\000I\000Q\000U\000E}{section.3.5}% 68
\BOOKMARK [2][-]{subsection.3.5.2}{\376\377\000\311\000t\000u\000d\000e\000\040\000d\000e\000\040\000C\000a\000s\000\040\0002\000\040\000:\000\040\000X\000S\000S\000\040\000R\000\351\000f\000l\000\351\000c\000h\000i\000\040\040\024\000\040\000C\000V\000S\000S\000\040\0006\000.\0001\000\040\000M\000O\000Y\000E\000N}{section.3.5}% 69
\BOOKMARK [2][-]{subsection.3.5.3}{\376\377\000\311\000t\000u\000d\000e\000\040\000d\000e\000\040\000C\000a\000s\000\040\0003\000\040\000:\000\040\000S\000S\000R\000F\000\040\040\024\000\040\000C\000V\000S\000S\000\040\0008\000.\0005\000\040\000\311\000L\000E\000V\000\311}{section.3.5}% 70
\BOOKMARK [2][-]{subsection.3.5.4}{\376\377\000\311\000t\000u\000d\000e\000\040\000d\000e\000\040\000C\000a\000s\000\040\0004\000\040\000:\000\040\000P\000a\000t\000h\000\040\000T\000r\000a\000v\000e\000r\000s\000a\000l\000\040\040\024\000\040\000C\000V\000S\000S\000\040\0007\000.\0005\000\040\000\311\000L\000E\000V\000\311}{section.3.5}% 71
\BOOKMARK [2][-]{subsection.3.5.5}{\376\377\000\311\000t\000u\000d\000e\000\040\000d\000e\000\040\000C\000a\000s\000\040\0005\000\040\000:\000\040\000X\000X\000E\000\040\040\024\000\040\000C\000V\000S\000S\000\040\0008\000.\0002\000\040\000\311\000L\000E\000V\000\311}{section.3.5}% 72
\BOOKMARK [2][-]{subsection.3.5.6}{\376\377\000\311\000t\000u\000d\000e\000\040\000d\000e\000\040\000C\000a\000s\000\040\0006\000\040\000:\000\040\000F\000i\000l\000e\000\040\000U\000p\000l\000o\000a\000d\000\040\040\024\000\040\000C\000V\000S\000S\000\040\0008\000.\0008\000\040\000\311\000L\000E\000V\000\311}{section.3.5}% 73
\BOOKMARK [2][-]{subsection.3.5.7}{\376\377\000\311\000t\000u\000d\000e\000\040\000d\000e\000\040\000C\000a\000s\000\040\0007\000\040\000:\000\040\000A\000u\000t\000h\000\040\000F\000a\000i\000l\000u\000r\000e\000s\000\040\040\024\000\040\000C\000V\000S\000S\000\040\0009\000.\0008\000\040\000C\000R\000I\000T\000I\000Q\000U\000E}{section.3.5}% 74
\BOOKMARK [2][-]{subsection.3.5.8}{\376\377\000\311\000t\000u\000d\000e\000\040\000d\000e\000\040\000C\000a\000s\000\040\0008\000\040\000:\000\040\000I\000D\000O\000R\000\040\040\024\000\040\000C\000V\000S\000S\000\040\0006\000.\0005\000\040\000M\000O\000Y\000E\000N}{section.3.5}% 75
\BOOKMARK [1][-]{section.3.6}{\376\377\000R\000\351\000s\000u\000l\000t\000a\000t\000s\000\040\000G\000l\000o\000b\000a\000u\000x\000\040\000e\000t\000\040\000A\000n\000a\000l\000y\000s\000e\000\040\000d\000e\000\040\000C\000o\000u\000v\000e\000r\000t\000u\000r\000e}{chapter.3}% 76
\BOOKMARK [2][-]{subsection.3.6.1}{\376\377\000C\000o\000u\000v\000e\000r\000t\000u\000r\000e\000\040\000O\000W\000A\000S\000P\000\040\000T\000o\000p\000\040\0001\0000\000\040\000D\000\351\000t\000a\000i\000l\000l\000\351\000e}{section.3.6}% 77
\BOOKMARK [1][-]{section.3.7}{\376\377\000A\000n\000a\000l\000y\000s\000e\000\040\000d\000e\000s\000\040\000P\000e\000r\000f\000o\000r\000m\000a\000n\000c\000e\000s}{chapter.3}% 78
\BOOKMARK [1][-]{section.3.8}{\376\377\000C\000o\000n\000c\000l\000u\000s\000i\000o\000n}{chapter.3}% 79
\BOOKMARK [0][-]{chapter.4}{\376\377\000G\000e\000s\000t\000i\000o\000n\000\040\000d\000e\000\040\000P\000r\000o\000j\000e\000t}{}% 80
\BOOKMARK [1][-]{section.4.1}{\376\377\000C\000h\000o\000i\000x\000\040\000d\000u\000\040\000c\000y\000c\000l\000e\000\040\000d\000e\000\040\000v\000i\000e}{chapter.4}% 81
\BOOKMARK [2][-]{subsection.4.1.1}{\376\377\000P\000r\000\351\000s\000e\000n\000t\000a\000t\000i\000o\000n\000\040\000d\000e\000s\000\040\000c\000y\000c\000l\000e\000s\000\040\000d\000e\000\040\000v\000i\000e}{section.4.1}% 82
\BOOKMARK [2][-]{subsection.4.1.2}{\376\377\000C\000y\000c\000l\000e\000\040\000d\000e\000\040\000v\000i\000e\000\040\000r\000e\000t\000e\000n\000u\000\040\000:\000\040\000A\000g\000i\000l\000e\000/\000S\000c\000r\000u\000m}{section.4.1}% 83
\BOOKMARK [1][-]{section.4.2}{\376\377\000R\000\351\000p\000a\000r\000t\000i\000t\000i\000o\000n\000\040\000d\000e\000s\000\040\000t\000\342\000c\000h\000e\000s}{chapter.4}% 84
\BOOKMARK [2][-]{subsection.4.2.1}{\376\377\000T\000a\000b\000l\000e\000a\000u\000\040\000d\000e\000s\000\040\000t\000\342\000c\000h\000e\000s\000,\000\040\000d\000u\000r\000\351\000e\000s\000\040\000e\000t\000\040\000a\000n\000t\000\351\000r\000i\000o\000r\000i\000t\000\351\000s}{section.4.2}% 85
\BOOKMARK [1][-]{section.4.3}{\376\377\000D\000i\000a\000g\000r\000a\000m\000m\000e\000\040\000d\000e\000\040\000G\000a\000n\000t\000t}{chapter.4}% 86
\BOOKMARK [1][-]{section.4.4}{\376\377\000R\000\351\000p\000a\000r\000t\000i\000t\000i\000o\000n\000\040\000d\000e\000s\000\040\000r\000e\000s\000s\000o\000u\000r\000c\000e\000s}{chapter.4}% 87
\BOOKMARK [2][-]{subsection.4.4.1}{\376\377\000R\000e\000s\000s\000o\000u\000r\000c\000e\000s\000\040\000h\000u\000m\000a\000i\000n\000e\000s}{section.4.4}% 88
\BOOKMARK [2][-]{subsection.4.4.2}{\376\377\000R\000e\000s\000s\000o\000u\000r\000c\000e\000s\000\040\000m\000a\000t\000\351\000r\000i\000e\000l\000l\000e\000s\000\040\000e\000t\000\040\000l\000o\000g\000i\000c\000i\000e\000l\000l\000e\000s}{section.4.4}% 89
\BOOKMARK [2][-]{subsection.4.4.3}{\376\377\000A\000f\000f\000e\000c\000t\000a\000t\000i\000o\000n\000\040\000d\000e\000s\000\040\000r\000e\000s\000s\000o\000u\000r\000c\000e\000s\000\040\000p\000a\000r\000\040\000p\000h\000a\000s\000e}{section.4.4}% 90
\BOOKMARK [2][-]{subsection.4.4.4}{\376\377\000B\000u\000d\000g\000e\000t\000\040\000e\000s\000t\000i\000m\000a\000t\000i\000f\000\040\000d\000u\000\040\000p\000r\000o\000j\000e\000t}{section.4.4}% 91
\BOOKMARK [1][-]{section.4.5}{\376\377\000C\000o\000n\000c\000l\000u\000s\000i\000o\000n}{chapter.4}% 92
\BOOKMARK [0][-]{chapter.5}{\376\377\000E\000n\000t\000r\000e\000p\000r\000e\000n\000e\000u\000r\000i\000a\000t}{}% 93
\BOOKMARK [1][-]{section.5.1}{\376\377\000I\000d\000\351\000e\000\040\000e\000t\000\040\000P\000r\000o\000p\000o\000s\000i\000t\000i\000o\000n\000\040\000d\000e\000\040\000V\000a\000l\000e\000u\000r}{chapter.5}% 94
\BOOKMARK [1][-]{section.5.2}{\376\377\000B\000u\000s\000i\000n\000e\000s\000s\000\040\000M\000o\000d\000e\000l\000\040\000C\000a\000n\000v\000a\000s}{chapter.5}% 95
\BOOKMARK [1][-]{section.5.3}{\376\377\000T\000a\000b\000l\000e\000a\000u\000\040\000d\000'\000A\000n\000a\000l\000y\000s\000e\000\040\000F\000i\000n\000a\000n\000c\000i\000\350\000r\000e}{chapter.5}% 96
\BOOKMARK [1][-]{section.5.4}{\376\377\000C\000o\000n\000c\000l\000u\000s\000i\000o\000n}{chapter.5}% 97
\BOOKMARK [0][-]{chapter*.45}{\376\377\000C\000o\000n\000c\000l\000u\000s\000i\000o\000n\000\040\000G\000\351\000n\000\351\000r\000a\000l\000e}{}% 98
\BOOKMARK [0][-]{chapter*.46}{\376\377\000B\000i\000b\000l\000i\000o\000g\000r\000a\000p\000h\000i\000e}{}% 99
